[0.058s] Invoking command in '/home/parallels/Documents/franka_prac/build/franka_description': CMAKE_PREFIX_PATH=${CMAKE_PREFIX_PATH}:/home/parallels/ws_moveit/install/moveit_configs_utils:/opt/ros/humble /usr/bin/cmake --build /home/parallels/Documents/franka_prac/build/franka_description -- -j2 -l2
[0.150s] Invoked command in '/home/parallels/Documents/franka_prac/build/franka_description' returned '0': CMAKE_PREFIX_PATH=${CMAKE_PREFIX_PATH}:/home/parallels/ws_moveit/install/moveit_configs_utils:/opt/ros/humble /usr/bin/cmake --build /home/parallels/Documents/franka_prac/build/franka_description -- -j2 -l2
[0.178s] Invoking command in '/home/parallels/Documents/franka_prac/build/franka_description': CMAKE_PREFIX_PATH=${CMAKE_PREFIX_PATH}:/home/parallels/ws_moveit/install/moveit_configs_utils:/opt/ros/humble /usr/bin/cmake --install /home/parallels/Documents/franka_prac/build/franka_description
[0.185s] -- Install configuration: ""
[0.185s] -- Up-to-date: /home/parallels/Documents/franka_prac/install/franka_description/share/franka_description/launch
[0.185s] -- Installing: /home/parallels/Documents/franka_prac/install/franka_description/share/franka_description/launch/display.launch.py
[0.185s] -- Up-to-date: /home/parallels/Documents/franka_prac/install/franka_description/share/franka_description/meshes
[0.186s] -- Up-to-date: /home/parallels/Documents/franka_prac/install/franka_description/share/franka_description/meshes/visual
[0.186s] -- Up-to-date: /home/parallels/Documents/franka_prac/install/franka_description/share/franka_description/meshes/visual/hand.dae
[0.186s] -- Up-to-date: /home/parallels/Documents/franka_prac/install/franka_description/share/franka_description/meshes/visual/link1.dae
[0.186s] -- Up-to-date: /home/parallels/Documents/franka_prac/install/franka_description/share/franka_description/meshes/visual/finger.dae
[0.186s] -- Up-to-date: /home/parallels/Documents/franka_prac/install/franka_description/share/franka_description/meshes/visual/link7.dae
[0.187s] -- Up-to-date: /home/parallels/Documents/franka_prac/install/franka_description/share/franka_description/meshes/visual/link5.dae
[0.187s] -- Up-to-date: /home/parallels/Documents/franka_prac/install/franka_description/share/franka_description/meshes/visual/link2.dae
[0.187s] -- Up-to-date: /home/parallels/Documents/franka_prac/install/franka_description/share/franka_description/meshes/visual/link4.dae
[0.187s] -- Up-to-date: /home/parallels/Documents/franka_prac/install/franka_description/share/franka_description/meshes/visual/link3.dae
[0.188s] -- Up-to-date: /home/parallels/Documents/franka_prac/install/franka_description/share/franka_description/meshes/visual/link6.dae
[0.188s] -- Up-to-date: /home/parallels/Documents/franka_prac/install/franka_description/share/franka_description/meshes/visual/link0.dae
[0.188s] -- Up-to-date: /home/parallels/Documents/franka_prac/install/franka_description/share/franka_description/meshes/collision
[0.188s] -- Up-to-date: /home/parallels/Documents/franka_prac/install/franka_description/share/franka_description/meshes/collision/link5.stl
[0.188s] -- Up-to-date: /home/parallels/Documents/franka_prac/install/franka_description/share/franka_description/meshes/collision/finger.stl
[0.188s] -- Up-to-date: /home/parallels/Documents/franka_prac/install/franka_description/share/franka_description/meshes/collision/link1.stl
[0.188s] -- Up-to-date: /home/parallels/Documents/franka_prac/install/franka_description/share/franka_description/meshes/collision/link7.stl
[0.188s] -- Up-to-date: /home/parallels/Documents/franka_prac/install/franka_description/share/franka_description/meshes/collision/link3.stl
[0.189s] -- Up-to-date: /home/parallels/Documents/franka_prac/install/franka_description/share/franka_description/meshes/collision/link6.stl
[0.189s] -- Up-to-date: /home/parallels/Documents/franka_prac/install/franka_description/share/franka_description/meshes/collision/hand.stl
[0.189s] -- Up-to-date: /home/parallels/Documents/franka_prac/install/franka_description/share/franka_description/meshes/collision/link2.stl
[0.189s] -- Up-to-date: /home/parallels/Documents/franka_prac/install/franka_description/share/franka_description/meshes/collision/link4.stl
[0.189s] -- Up-to-date: /home/parallels/Documents/franka_prac/install/franka_description/share/franka_description/meshes/collision/link0.stl
[0.190s] -- Up-to-date: /home/parallels/Documents/franka_prac/install/franka_description/share/franka_description/robots
[0.190s] -- Up-to-date: /home/parallels/Documents/franka_prac/install/franka_description/share/franka_description/robots/panda_arm.srdf.xacro
[0.190s] -- Up-to-date: /home/parallels/Documents/franka_prac/install/franka_description/share/franka_description/robots/panda_arm.xacro
[0.190s] -- Up-to-date: /home/parallels/Documents/franka_prac/install/franka_description/share/franka_description/robots/panda_arm_hand.urdf.xacro
[0.190s] -- Up-to-date: /home/parallels/Documents/franka_prac/install/franka_description/share/franka_description/robots/hand.xacro
[0.190s] -- Up-to-date: /home/parallels/Documents/franka_prac/install/franka_description/share/franka_description/robots/panda_arm.urdf.xacro
[0.190s] -- Up-to-date: /home/parallels/Documents/franka_prac/install/franka_description/share/franka_description/robots/panda_arm_hand.srdf.xacro
[0.190s] -- Up-to-date: /home/parallels/Documents/franka_prac/install/franka_description/share/franka_description/robots/hand.urdf.xacro
[0.190s] -- Up-to-date: /home/parallels/Documents/franka_prac/install/franka_description/share/ament_index/resource_index/package_run_dependencies/franka_description
[0.192s] -- Up-to-date: /home/parallels/Documents/franka_prac/install/franka_description/share/ament_index/resource_index/parent_prefix_path/franka_description
[0.192s] -- Up-to-date: /home/parallels/Documents/franka_prac/install/franka_description/share/franka_description/environment/ament_prefix_path.sh
[0.192s] -- Up-to-date: /home/parallels/Documents/franka_prac/install/franka_description/share/franka_description/environment/ament_prefix_path.dsv
[0.192s] -- Up-to-date: /home/parallels/Documents/franka_prac/install/franka_description/share/franka_description/environment/path.sh
[0.192s] -- Up-to-date: /home/parallels/Documents/franka_prac/install/franka_description/share/franka_description/environment/path.dsv
[0.192s] -- Up-to-date: /home/parallels/Documents/franka_prac/install/franka_description/share/franka_description/local_setup.bash
[0.192s] -- Up-to-date: /home/parallels/Documents/franka_prac/install/franka_description/share/franka_description/local_setup.sh
[0.192s] -- Up-to-date: /home/parallels/Documents/franka_prac/install/franka_description/share/franka_description/local_setup.zsh
[0.192s] -- Up-to-date: /home/parallels/Documents/franka_prac/install/franka_description/share/franka_description/local_setup.dsv
[0.192s] -- Installing: /home/parallels/Documents/franka_prac/install/franka_description/share/franka_description/package.dsv
[0.192s] -- Up-to-date: /home/parallels/Documents/franka_prac/install/franka_description/share/ament_index/resource_index/packages/franka_description
[0.192s] -- Up-to-date: /home/parallels/Documents/franka_prac/install/franka_description/share/franka_description/cmake/franka_descriptionConfig.cmake
[0.193s] -- Up-to-date: /home/parallels/Documents/franka_prac/install/franka_description/share/franka_description/cmake/franka_descriptionConfig-version.cmake
[0.193s] -- Up-to-date: /home/parallels/Documents/franka_prac/install/franka_description/share/franka_description/package.xml
[0.196s] Invoked command in '/home/parallels/Documents/franka_prac/build/franka_description' returned '0': CMAKE_PREFIX_PATH=${CMAKE_PREFIX_PATH}:/home/parallels/ws_moveit/install/moveit_configs_utils:/opt/ros/humble /usr/bin/cmake --install /home/parallels/Documents/franka_prac/build/franka_description
