[0.058s] Invoking command in '/home/parallels/Documents/franka_prac/build/franka_description': CMAKE_PREFIX_PATH=${CMAKE_PREFIX_PATH}:/home/parallels/ws_moveit/install/moveit_configs_utils:/opt/ros/humble /usr/bin/cmake /home/parallels/Documents/franka_prac/src/franka_description -DCMAKE_INSTALL_PREFIX=/home/parallels/Documents/franka_prac/install/franka_description
[0.268s] -- The C compiler identification is GNU 11.4.0
[0.374s] -- The CXX compiler identification is GNU 11.4.0
[0.387s] -- Detecting C compiler ABI info
[0.482s] -- Detecting C compiler ABI info - done
[0.485s] -- Check for working C compiler: /usr/bin/cc - skipped
[0.485s] -- Detecting C compile features
[0.486s] -- Detecting C compile features - done
[0.489s] -- Detecting CXX compiler ABI info
[0.575s] -- Detecting CXX compiler ABI info - done
[0.579s] -- Check for working CXX compiler: /usr/bin/c++ - skipped
[0.579s] -- Detecting CXX compile features
[0.580s] -- Detecting CXX compile features - done
[0.595s] -- Found ament_cmake: 1.3.5 (/opt/ros/humble/share/ament_cmake/cmake)
[0.721s] -- Found Python3: /usr/bin/python3.10 (found version "3.10.12") found components: Interpreter 
[0.830s] -- Found rclcpp: 16.0.6 (/opt/ros/humble/share/rclcpp/cmake)
[0.899s] -- Found rosidl_generator_c: 3.1.5 (/opt/ros/humble/share/rosidl_generator_c/cmake)
[0.906s] -- Found rosidl_adapter: 3.1.5 (/opt/ros/humble/share/rosidl_adapter/cmake)
[0.916s] -- Found rosidl_generator_cpp: 3.1.5 (/opt/ros/humble/share/rosidl_generator_cpp/cmake)
[0.939s] -- Using all available rosidl_typesupport_c: rosidl_typesupport_fastrtps_c;rosidl_typesupport_introspection_c
[0.960s] -- Using all available rosidl_typesupport_cpp: rosidl_typesupport_fastrtps_cpp;rosidl_typesupport_introspection_cpp
[1.030s] -- Found rmw_implementation_cmake: 6.1.1 (/opt/ros/humble/share/rmw_implementation_cmake/cmake)
[1.034s] -- Found rmw_fastrtps_cpp: 6.2.4 (/opt/ros/humble/share/rmw_fastrtps_cpp/cmake)
[1.146s] -- Found OpenSSL: /usr/lib/aarch64-linux-gnu/libcrypto.so (found version "3.0.2")  
[1.171s] -- Found FastRTPS: /opt/ros/humble/include  
[1.206s] -- Using RMW implementation 'rmw_fastrtps_cpp' as default
[1.225s] -- Looking for pthread.h
[1.313s] -- Looking for pthread.h - found
[1.313s] -- Performing Test CMAKE_HAVE_LIBC_PTHREAD
[1.380s] -- Performing Test CMAKE_HAVE_LIBC_PTHREAD - Success
[1.380s] -- Found Threads: TRUE  
[1.519s] -- Found ament_lint_auto: 0.12.8 (/opt/ros/humble/share/ament_lint_auto/cmake)
[1.558s] [31mCMake Error at /opt/ros/humble/share/ament_cmake_core/cmake/core/ament_package_xml.cmake:53 (message):
[1.559s]   ament_package_xml() package name 'franka_description' in '/package.xml'
[1.559s]   does not match current PROJECT_NAME 'franka_prac'.  You must call project()
[1.559s]   with the same package name before.
[1.559s] Call Stack (most recent call first):
[1.559s]   /opt/ros/humble/share/ament_lint_auto/cmake/ament_lint_auto_find_test_dependencies.cmake:31 (ament_package_xml)
[1.559s]   CMakeLists.txt:21 (ament_lint_auto_find_test_dependencies)
[1.559s] 
[1.559s] [0m
[1.559s] -- Configuring incomplete, errors occurred!
[1.559s] See also "/home/parallels/Documents/franka_prac/build/franka_description/CMakeFiles/CMakeOutput.log".
[1.566s] Invoked command in '/home/parallels/Documents/franka_prac/build/franka_description' returned '1': CMAKE_PREFIX_PATH=${CMAKE_PREFIX_PATH}:/home/parallels/ws_moveit/install/moveit_configs_utils:/opt/ros/humble /usr/bin/cmake /home/parallels/Documents/franka_prac/src/franka_description -DCMAKE_INSTALL_PREFIX=/home/parallels/Documents/franka_prac/install/franka_description
