[0.044s] Invoking command in '/home/parallels/Documents/franka_prac/build/franka_description': CMAKE_PREFIX_PATH=${CMAKE_PREFIX_PATH}:/home/parallels/ws_moveit/install/moveit_configs_utils:/opt/ros/humble /usr/bin/cmake /home/parallels/Documents/franka_prac/src/franka_description -DCMAKE_INSTALL_PREFIX=/home/parallels/Documents/franka_prac/install/franka_description
[0.073s] -- Found ament_cmake: 1.3.5 (/opt/ros/humble/share/ament_cmake/cmake)
[0.250s] -- Found rclcpp: 16.0.6 (/opt/ros/humble/share/rclcpp/cmake)
[0.305s] -- Found rosidl_generator_c: 3.1.5 (/opt/ros/humble/share/rosidl_generator_c/cmake)
[0.309s] -- Found rosidl_adapter: 3.1.5 (/opt/ros/humble/share/rosidl_adapter/cmake)
[0.317s] -- Found rosidl_generator_cpp: 3.1.5 (/opt/ros/humble/share/rosidl_generator_cpp/cmake)
[0.332s] -- Using all available rosidl_typesupport_c: rosidl_typesupport_fastrtps_c;rosidl_typesupport_introspection_c
[0.352s] -- Using all available rosidl_typesupport_cpp: rosidl_typesupport_fastrtps_cpp;rosidl_typesupport_introspection_cpp
[0.409s] -- Found rmw_implementation_cmake: 6.1.1 (/opt/ros/humble/share/rmw_implementation_cmake/cmake)
[0.413s] -- Found rmw_fastrtps_cpp: 6.2.4 (/opt/ros/humble/share/rmw_fastrtps_cpp/cmake)
[0.524s] -- Using RMW implementation 'rmw_fastrtps_cpp' as default
[0.663s] -- Found ament_lint_auto: 0.12.8 (/opt/ros/humble/share/ament_lint_auto/cmake)
[0.744s] -- Added test 'flake8' to check Python code syntax and style conventions
[0.745s] -- Added test 'lint_cmake' to check CMake code style
[0.745s] -- Added test 'pep257' to check Python code against some of the docstring style conventions in PEP 257
[0.747s] -- Added test 'xmllint' to check XML markup files
[0.749s] -- Configuring done
[0.754s] -- Generating done
[0.755s] -- Build files have been written to: /home/parallels/Documents/franka_prac/build/franka_description
[0.760s] Invoked command in '/home/parallels/Documents/franka_prac/build/franka_description' returned '0': CMAKE_PREFIX_PATH=${CMAKE_PREFIX_PATH}:/home/parallels/ws_moveit/install/moveit_configs_utils:/opt/ros/humble /usr/bin/cmake /home/parallels/Documents/franka_prac/src/franka_description -DCMAKE_INSTALL_PREFIX=/home/parallels/Documents/franka_prac/install/franka_description
[0.761s] Invoking command in '/home/parallels/Documents/franka_prac/build/franka_description': CMAKE_PREFIX_PATH=${CMAKE_PREFIX_PATH}:/home/parallels/ws_moveit/install/moveit_configs_utils:/opt/ros/humble /usr/bin/cmake --build /home/parallels/Documents/franka_prac/build/franka_description -- -j2 -l2
[0.797s] Invoked command in '/home/parallels/Documents/franka_prac/build/franka_description' returned '0': CMAKE_PREFIX_PATH=${CMAKE_PREFIX_PATH}:/home/parallels/ws_moveit/install/moveit_configs_utils:/opt/ros/humble /usr/bin/cmake --build /home/parallels/Documents/franka_prac/build/franka_description -- -j2 -l2
[0.832s] Invoking command in '/home/parallels/Documents/franka_prac/build/franka_description': CMAKE_PREFIX_PATH=${CMAKE_PREFIX_PATH}:/home/parallels/ws_moveit/install/moveit_configs_utils:/opt/ros/humble /usr/bin/cmake --install /home/parallels/Documents/franka_prac/build/franka_description
[0.839s] -- Install configuration: ""
[0.840s] -- Installing: /home/parallels/Documents/franka_prac/install/franka_description/share/franka_description/launch
[0.840s] -- Installing: /home/parallels/Documents/franka_prac/install/franka_description/share/franka_description/launch/display.launch.py
[0.840s] -- Installing: /home/parallels/Documents/franka_prac/install/franka_description/share/franka_description/meshes
[0.840s] -- Installing: /home/parallels/Documents/franka_prac/install/franka_description/share/franka_description/meshes/visual
[0.841s] -- Installing: /home/parallels/Documents/franka_prac/install/franka_description/share/franka_description/meshes/visual/hand.dae
[0.842s] -- Installing: /home/parallels/Documents/franka_prac/install/franka_description/share/franka_description/meshes/visual/link1.dae
[0.844s] -- Installing: /home/parallels/Documents/franka_prac/install/franka_description/share/franka_description/meshes/visual/finger.dae
[0.844s] -- Installing: /home/parallels/Documents/franka_prac/install/franka_description/share/franka_description/meshes/visual/link7.dae
[0.846s] -- Installing: /home/parallels/Documents/franka_prac/install/franka_description/share/franka_description/meshes/visual/link5.dae
[0.851s] -- Installing: /home/parallels/Documents/franka_prac/install/franka_description/share/franka_description/meshes/visual/link2.dae
[0.851s] -- Installing: /home/parallels/Documents/franka_prac/install/franka_description/share/franka_description/meshes/visual/link4.dae
[0.856s] -- Installing: /home/parallels/Documents/franka_prac/install/franka_description/share/franka_description/meshes/visual/link3.dae
[0.860s] -- Installing: /home/parallels/Documents/franka_prac/install/franka_description/share/franka_description/meshes/visual/link6.dae
[0.867s] -- Installing: /home/parallels/Documents/franka_prac/install/franka_description/share/franka_description/meshes/visual/link0.dae
[0.871s] -- Installing: /home/parallels/Documents/franka_prac/install/franka_description/share/franka_description/meshes/collision
[0.872s] -- Installing: /home/parallels/Documents/franka_prac/install/franka_description/share/franka_description/meshes/collision/link5.stl
[0.872s] -- Installing: /home/parallels/Documents/franka_prac/install/franka_description/share/franka_description/meshes/collision/finger.stl
[0.873s] -- Installing: /home/parallels/Documents/franka_prac/install/franka_description/share/franka_description/meshes/collision/link1.stl
[0.873s] -- Installing: /home/parallels/Documents/franka_prac/install/franka_description/share/franka_description/meshes/collision/link7.stl
[0.874s] -- Installing: /home/parallels/Documents/franka_prac/install/franka_description/share/franka_description/meshes/collision/link3.stl
[0.874s] -- Installing: /home/parallels/Documents/franka_prac/install/franka_description/share/franka_description/meshes/collision/link6.stl
[0.875s] -- Installing: /home/parallels/Documents/franka_prac/install/franka_description/share/franka_description/meshes/collision/hand.stl
[0.876s] -- Installing: /home/parallels/Documents/franka_prac/install/franka_description/share/franka_description/meshes/collision/link2.stl
[0.877s] -- Installing: /home/parallels/Documents/franka_prac/install/franka_description/share/franka_description/meshes/collision/link4.stl
[0.877s] -- Installing: /home/parallels/Documents/franka_prac/install/franka_description/share/franka_description/meshes/collision/link0.stl
[0.877s] -- Installing: /home/parallels/Documents/franka_prac/install/franka_description/share/franka_description/robots
[0.878s] -- Installing: /home/parallels/Documents/franka_prac/install/franka_description/share/franka_description/robots/panda_arm.srdf.xacro
[0.878s] -- Installing: /home/parallels/Documents/franka_prac/install/franka_description/share/franka_description/robots/panda_arm.xacro
[0.879s] -- Installing: /home/parallels/Documents/franka_prac/install/franka_description/share/franka_description/robots/panda_arm_hand.urdf.xacro
[0.879s] -- Installing: /home/parallels/Documents/franka_prac/install/franka_description/share/franka_description/robots/hand.xacro
[0.880s] -- Installing: /home/parallels/Documents/franka_prac/install/franka_description/share/franka_description/robots/panda_arm.urdf.xacro
[0.880s] -- Installing: /home/parallels/Documents/franka_prac/install/franka_description/share/franka_description/robots/panda_arm_hand.srdf.xacro
[0.880s] -- Installing: /home/parallels/Documents/franka_prac/install/franka_description/share/franka_description/robots/hand.urdf.xacro
[0.881s] [31mCMake Error at cmake_install.cmake:46 (file):
[0.881s]   file INSTALL cannot find
[0.881s]   "/home/parallels/Documents/franka_prac/src/franka_description/franka_description":
[0.881s]   No such file or directory.
[0.881s] 
[0.881s] [0m
[0.884s] Invoked command in '/home/parallels/Documents/franka_prac/build/franka_description' returned '1': CMAKE_PREFIX_PATH=${CMAKE_PREFIX_PATH}:/home/parallels/ws_moveit/install/moveit_configs_utils:/opt/ros/humble /usr/bin/cmake --install /home/parallels/Documents/franka_prac/build/franka_description
